<?xml version="1.0" encoding="UTF-8"?>
<testng-results ignored="0" total="1" passed="1" failed="0" skipped="0">
  <reporter-output>
  </reporter-output>
  <suite started-at="2024-02-11T18:49:15 IST" name="Default suite" finished-at="2024-02-11T18:49:40 IST" duration-ms="24321">
    <groups>
    </groups>
    <test started-at="2024-02-11T18:49:15 IST" name="Default test" finished-at="2024-02-11T18:49:40 IST" duration-ms="24321">
      <class name="com.androidVirtalTest.ActivityTest">
        <test-method is-config="true" signature="configureAppium()[pri:0, instance:com.androidVirtalTest.ActivityTest@402c4085]" started-at="2024-02-11T18:49:15 IST" name="configureAppium" finished-at="2024-02-11T18:49:35 IST" duration-ms="19633" status="PASS">
          <reporter-output>
          </reporter-output>
        </test-method> <!-- configureAppium -->
        <test-method signature="test()[pri:0, instance:com.androidVirtalTest.ActivityTest@402c4085]" started-at="2024-02-11T18:49:35 IST" name="test" finished-at="2024-02-11T18:49:39 IST" duration-ms="4130" status="PASS">
          <reporter-output>
          </reporter-output>
        </test-method> <!-- test -->
        <test-method is-config="true" signature="tearDown()[pri:0, instance:com.androidVirtalTest.ActivityTest@402c4085]" started-at="2024-02-11T18:49:39 IST" name="tearDown" finished-at="2024-02-11T18:49:40 IST" duration-ms="484" status="PASS">
          <reporter-output>
          </reporter-output>
        </test-method> <!-- tearDown -->
      </class> <!-- com.androidVirtalTest.ActivityTest -->
    </test> <!-- Default test -->
  </suite> <!-- Default suite -->
</testng-results>
